 speaking => 
 speaking => 
 speaking => 
 speaking => 
 speaking => 
 speaking => 
 speaking => he
 speaking => 
 speaking => he
 speaking => 
 speaking => he
 speaking => 
 speaking => he
 speaking => he
 speaking => 
 speaking => 
 speaking => 
 speaking => 
 speaking => 
 speaking => 
 speaking => as effects
 speaking => how scandalised
 speaking => he ernestine
 speaking => 
 speaking => 
 speaking => to test
 speaking => he entertained
 speaking => as to 
 speaking => i 
 speaking => to touch
 speaking => the tea
 speaking => 
 speaking => 
 speaking => this
 speaking => and senseful
 speaking => someone
 speaking => and
 speaking => 
 speaking => 
 speaking => i 
 speaking => incarnate
 speaking => also he got
 speaking => 
 speaking => 
 speaking => tattersett
 speaking => a change solicitation sent
 speaking => she 
 speaking => he can see an air at
 speaking => i can
 speaking => 
 speaking => 
 speaking => the estates to test
 speaking => nonchalance
 speaking => in intensity
 speaking => into perfection the mother
 speaking => nishioka
 speaking => 
 speaking => 
 speaking => the whole
 speaking => he
 speaking => 
 speaking => those
 speaking => i never
 speaking => i had 
 speaking => 
 speaking => he
 speaking => 
 speaking => 
 speaking => 
 speaking => 
 speaking => 
 speaking => 
 speaking => 
 speaking => 
 speaking => 
 speaking => he
 speaking => 
 speaking => 
 speaking => the nearest
 speaking => 
 speaking => 
 speaking => 
 speaking => 
 speaking => 
 speaking => 
 speaking => 
 speaking => he
 speaking => 
 speaking => 
 speaking => 
 speaking => he
 speaking => 
 speaking => he
 speaking => 
 speaking => he
 speaking => 
 speaking => he
 speaking => 
 speaking => 
 speaking => 
 speaking => 
 speaking => 
 speaking => 
 speaking => 
 speaking => 
 speaking => 
 speaking => 
 speaking => 
 speaking => 
 speaking => 
 speaking => 
 speaking => 
 speaking => 
 speaking => 
 speaking => he
 speaking => he
 speaking => he
 speaking => he
 speaking => he
 speaking => he
 speaking => he
 speaking => he
 speaking => he
